<?xml version="1.0" encoding="UTF-8"?>
<!-- Generated by org.testng.reporters.JUnitXMLReporter -->
<testsuite ignored="0" hostname="shashikumar-v" failures="0" tests="3" name="Default test" time="0.169" errors="0" timestamp="2022-05-10T16:09:35 IST">
  <testcase classname="com.crm.comcast.orgTest.CreateModDelOrgTest" name="createOrgTest" time="0.021"/>
  <testcase classname="com.crm.comcast.orgTest.CreateModDelOrgTest" name="delOrgTest" time="0.004"/>
  <testcase classname="com.crm.comcast.orgTest.CreateModDelOrgTest" name="modOrgTest" time="0.002"/>
</testsuite> <!-- Default test -->
